<?xml version="1.0" encoding="UTF-8"?>
<testng-results skipped="0" failed="0" ignored="0" total="1" passed="1">
  <reporter-output>
  </reporter-output>
  <suite name="Default suite" duration-ms="8972" started-at="2018-05-31T10:01:14Z" finished-at="2018-05-31T10:01:23Z">
    <groups>
    </groups>
    <test name="Default test" duration-ms="8972" started-at="2018-05-31T10:01:14Z" finished-at="2018-05-31T10:01:23Z">
      <class name="com.samplePackage.SampleTest1">
        <test-method status="PASS" signature="beforeTest()[pri:0, instance:com.samplePackage.SampleTest1@59f99ea]" name="beforeTest" is-config="true" duration-ms="3268" started-at="2018-05-31T10:01:14Z" finished-at="2018-05-31T10:01:17Z">
          <reporter-output>
          </reporter-output>
        </test-method> <!-- beforeTest -->
        <test-method status="PASS" signature="testEasy()[pri:0, instance:com.samplePackage.SampleTest1@59f99ea]" name="testEasy" duration-ms="4669" started-at="2018-05-31T10:01:17Z" finished-at="2018-05-31T10:01:22Z">
          <reporter-output>
          </reporter-output>
        </test-method> <!-- testEasy -->
        <test-method status="PASS" signature="afterTest()[pri:0, instance:com.samplePackage.SampleTest1@59f99ea]" name="afterTest" is-config="true" duration-ms="1016" started-at="2018-05-31T10:01:22Z" finished-at="2018-05-31T10:01:23Z">
          <reporter-output>
          </reporter-output>
        </test-method> <!-- afterTest -->
      </class> <!-- com.samplePackage.SampleTest1 -->
    </test> <!-- Default test -->
  </suite> <!-- Default suite -->
</testng-results>
